TN:
SF:src\components\ArticleCard.jsx
FN:20,ArticleCard
FN:29,(anonymous_1)
FN:30,(anonymous_2)
FN:39,(anonymous_3)
FN:68,(anonymous_4)
FN:116,(anonymous_5)
FN:125,(anonymous_6)
FN:134,(anonymous_7)
FN:135,(anonymous_8)
FN:142,(anonymous_9)
FNF:10
FNH:7
FNDA:16,ArticleCard
FNDA:10,(anonymous_1)
FNDA:10,(anonymous_2)
FNDA:10,(anonymous_3)
FNDA:0,(anonymous_4)
FNDA:0,(anonymous_5)
FNDA:16,(anonymous_6)
FNDA:10,(anonymous_7)
FNDA:0,(anonymous_8)
FNDA:10,(anonymous_9)
DA:21,16
DA:22,16
DA:23,16
DA:24,16
DA:29,16
DA:30,10
DA:31,10
DA:32,10
DA:37,10
DA:38,10
DA:39,10
DA:42,10
DA:43,2
DA:44,2
DA:47,8
DA:50,0
DA:52,0
DA:56,10
DA:59,10
DA:60,10
DA:68,16
DA:69,0
DA:70,0
DA:72,0
DA:74,0
DA:75,0
DA:78,0
DA:80,0
DA:82,0
DA:88,0
DA:89,0
DA:91,0
DA:95,0
DA:100,0
DA:101,0
DA:105,0
DA:106,0
DA:108,0
DA:116,16
DA:117,0
DA:118,0
DA:119,0
DA:125,16
DA:126,16
DA:127,16
DA:129,0
DA:134,16
DA:135,10
DA:136,0
DA:137,0
DA:141,10
DA:142,10
DA:145,16
LF:53
LH:28
BRDA:37,0,0,10
BRDA:37,0,1,0
BRDA:38,1,0,10
BRDA:38,1,1,0
BRDA:42,2,0,2
BRDA:42,2,1,8
BRDA:43,3,0,2
BRDA:43,3,1,0
BRDA:44,4,0,2
BRDA:44,4,1,0
BRDA:52,5,0,0
BRDA:52,5,1,0
BRDA:59,6,0,10
BRDA:59,6,1,0
BRDA:72,7,0,0
BRDA:72,7,1,0
BRDA:88,8,0,0
BRDA:88,8,1,0
BRDA:100,9,0,0
BRDA:100,9,1,0
BRDA:136,10,0,0
BRDA:136,10,1,0
BRDA:149,11,0,16
BRDA:149,11,1,0
BRDA:170,12,0,16
BRDA:170,12,1,16
BRDA:177,13,0,16
BRDA:177,13,1,16
BRDA:197,14,0,16
BRDA:197,14,1,0
BRDA:215,15,0,1
BRDA:215,15,1,15
BRDA:220,16,0,0
BRDA:220,16,1,16
BRDA:220,17,0,1
BRDA:220,17,1,15
BRDA:229,18,0,16
BRDA:229,18,1,6
BRF:38
BRH:20
end_of_record
TN:
SF:src\components\LoadingSkeleton.jsx
FN:7,ArticleCardSkeleton
FN:44,ArticleListSkeleton
FN:47,(anonymous_2)
FN:54,StatCardSkeleton
FN:68,DashboardSkeleton
FN:76,(anonymous_5)
FN:85,(anonymous_6)
FN:94,ProfileSkeleton
FN:110,(anonymous_8)
FN:118,NoteSkeleton
FN:133,NoteListSkeleton
FN:136,(anonymous_11)
FNF:12
FNH:7
FNDA:30,ArticleCardSkeleton
FNDA:5,ArticleListSkeleton
FNDA:29,(anonymous_2)
FNDA:9,StatCardSkeleton
FNDA:2,DashboardSkeleton
FNDA:8,(anonymous_5)
FNDA:6,(anonymous_6)
FNDA:0,ProfileSkeleton
FNDA:0,(anonymous_8)
FNDA:0,NoteSkeleton
FNDA:0,NoteListSkeleton
FNDA:0,(anonymous_11)
DA:8,30
DA:45,5
DA:48,29
DA:55,9
DA:69,2
DA:77,8
DA:86,6
DA:95,0
DA:111,0
DA:119,0
DA:134,0
DA:137,0
LF:12
LH:7
BRDA:44,0,0,5
BRDA:133,1,0,0
BRF:2
BRH:1
end_of_record
TN:
SF:src\components\Navbar.jsx
FN:16,Navbar
FN:32,(anonymous_1)
FN:33,(anonymous_2)
FN:51,(anonymous_3)
FNF:4
FNH:4
FNDA:6,Navbar
FNDA:3,(anonymous_1)
FNDA:3,(anonymous_2)
FNDA:36,(anonymous_3)
DA:18,6
DA:21,6
DA:24,6
DA:27,6
DA:32,6
DA:33,3
DA:34,3
DA:35,3
DA:36,3
DA:38,0
DA:42,3
DA:51,6
DA:53,36
DA:56,6
LF:14
LH:13
BRDA:36,0,0,3
BRDA:36,0,1,3
BRDA:77,1,0,6
BRDA:77,1,1,0
BRDA:88,2,0,0
BRDA:88,2,1,6
BRDA:102,3,0,0
BRDA:102,3,1,6
BRDA:116,4,0,0
BRDA:116,4,1,6
BRDA:127,5,0,0
BRDA:127,5,1,6
BRDA:141,6,0,0
BRDA:141,6,1,6
BRDA:147,7,0,6
BRDA:147,7,1,0
BRDA:165,8,0,0
BRDA:165,8,1,6
BRDA:177,9,0,6
BRDA:177,9,1,0
BRF:20
BRH:11
end_of_record
TN:
SF:src\components\NoteForm.jsx
FN:17,NoteForm
FN:32,(anonymous_1)
FN:47,(anonymous_2)
FN:66,(anonymous_3)
FN:69,(anonymous_4)
FN:76,(anonymous_5)
FN:141,(anonymous_6)
FN:160,(anonymous_7)
FN:161,(anonymous_8)
FN:182,(anonymous_9)
FN:192,(anonymous_10)
FN:209,(anonymous_11)
FN:230,(anonymous_12)
FN:244,(anonymous_13)
FNF:14
FNH:3
FNDA:23,NoteForm
FNDA:4,(anonymous_1)
FNDA:0,(anonymous_2)
FNDA:0,(anonymous_3)
FNDA:0,(anonymous_4)
FNDA:0,(anonymous_5)
FNDA:19,(anonymous_6)
FNDA:0,(anonymous_7)
FNDA:0,(anonymous_8)
FNDA:0,(anonymous_9)
FNDA:0,(anonymous_10)
FNDA:0,(anonymous_11)
FNDA:0,(anonymous_12)
FNDA:0,(anonymous_13)
DA:18,23
DA:25,23
DA:26,23
DA:27,23
DA:32,23
DA:33,4
DA:34,0
DA:47,23
DA:48,0
DA:51,0
DA:52,0
DA:53,0
DA:57,0
DA:59,0
DA:66,23
DA:67,0
DA:69,0
DA:76,23
DA:77,0
DA:78,0
DA:79,0
DA:81,0
DA:82,0
DA:93,0
DA:95,0
DA:96,0
DA:99,0
DA:100,0
DA:103,0
DA:110,0
DA:113,0
DA:114,0
DA:116,0
DA:120,23
DA:141,19
DA:160,0
DA:162,0
DA:163,0
DA:164,0
DA:183,0
DA:192,0
DA:209,0
DA:230,0
DA:244,0
LF:44
LH:11
BRDA:33,0,0,0
BRDA:33,0,1,4
BRDA:35,1,0,0
BRDA:35,1,1,0
BRDA:36,2,0,0
BRDA:36,2,1,0
BRDA:37,3,0,0
BRDA:37,3,1,0
BRDA:38,4,0,0
BRDA:38,4,1,0
BRDA:39,5,0,0
BRDA:39,5,1,0
BRDA:48,6,0,0
BRDA:48,6,1,0
BRDA:86,7,0,0
BRDA:86,7,1,0
BRDA:86,8,0,0
BRDA:86,8,1,0
BRDA:90,9,0,0
BRDA:90,9,1,0
BRDA:93,10,0,0
BRDA:93,10,1,0
BRDA:113,11,0,0
BRDA:113,11,1,0
BRDA:113,11,2,0
BRDA:124,12,0,0
BRDA:124,12,1,23
BRDA:128,13,0,23
BRDA:128,13,1,0
BRDA:162,14,0,0
BRDA:162,14,1,0
BRDA:180,15,0,23
BRDA:180,15,1,0
BRDA:212,16,0,0
BRDA:212,16,1,0
BRDA:222,17,0,23
BRDA:222,17,1,0
BRDA:260,18,0,0
BRDA:260,18,1,23
BRDA:260,19,0,0
BRDA:260,19,1,23
BRF:41
BRH:7
end_of_record
TN:
SF:src\components\NoteItem.jsx
FN:17,NoteItem
FN:24,(anonymous_1)
FN:38,(anonymous_2)
FN:50,(anonymous_3)
FN:69,(anonymous_4)
FN:88,(anonymous_5)
FN:142,(anonymous_6)
FN:181,(anonymous_7)
FNF:8
FNH:0
FNDA:0,NoteItem
FNDA:0,(anonymous_1)
FNDA:0,(anonymous_2)
FNDA:0,(anonymous_3)
FNDA:0,(anonymous_4)
FNDA:0,(anonymous_5)
FNDA:0,(anonymous_6)
FNDA:0,(anonymous_7)
DA:18,0
DA:19,0
DA:24,0
DA:25,0
DA:26,0
DA:38,0
DA:39,0
DA:40,0
DA:50,0
DA:51,0
DA:53,0
DA:54,0
DA:57,0
DA:59,0
DA:60,0
DA:62,0
DA:69,0
DA:70,0
DA:72,0
DA:73,0
DA:76,0
DA:78,0
DA:79,0
DA:81,0
DA:88,0
DA:89,0
DA:91,0
DA:92,0
DA:93,0
DA:95,0
DA:96,0
DA:100,0
DA:143,0
DA:181,0
LF:34
LH:0
BRDA:25,0,0,0
BRDA:25,0,1,0
BRDA:39,1,0,0
BRDA:39,1,1,0
BRDA:89,2,0,0
BRDA:89,2,1,0
BRDA:106,3,0,0
BRDA:106,3,1,0
BRDA:113,4,0,0
BRDA:113,4,1,0
BRDA:114,5,0,0
BRDA:114,5,1,0
BRDA:118,6,0,0
BRDA:118,6,1,0
BRDA:123,7,0,0
BRDA:123,7,1,0
BRDA:123,7,2,0
BRDA:123,7,3,0
BRDA:136,8,0,0
BRDA:136,8,1,0
BRDA:136,8,2,0
BRDA:160,9,0,0
BRDA:160,9,1,0
BRDA:166,10,0,0
BRDA:166,10,1,0
BRDA:166,10,2,0
BRDA:173,11,0,0
BRDA:173,11,1,0
BRDA:189,12,0,0
BRDA:189,12,1,0
BRDA:194,13,0,0
BRDA:194,13,1,0
BRDA:194,14,0,0
BRDA:194,14,1,0
BRF:34
BRH:0
end_of_record
TN:
SF:src\components\NotesPanel.jsx
FN:21,NotesPanel
FN:32,(anonymous_1)
FN:43,(anonymous_2)
FN:63,(anonymous_3)
FN:76,(anonymous_4)
FN:77,(anonymous_5)
FN:84,(anonymous_6)
FN:85,(anonymous_7)
FN:96,(anonymous_8)
FN:104,(anonymous_9)
FN:146,(anonymous_10)
FN:199,(anonymous_11)
FNF:12
FNH:2
FNDA:9,NotesPanel
FNDA:5,(anonymous_1)
FNDA:0,(anonymous_2)
FNDA:0,(anonymous_3)
FNDA:0,(anonymous_4)
FNDA:0,(anonymous_5)
FNDA:0,(anonymous_6)
FNDA:0,(anonymous_7)
FNDA:0,(anonymous_8)
FNDA:0,(anonymous_9)
FNDA:0,(anonymous_10)
FNDA:0,(anonymous_11)
DA:22,9
DA:23,9
DA:24,9
DA:25,9
DA:26,9
DA:27,9
DA:32,9
DA:33,5
DA:34,0
DA:35,0
DA:36,0
DA:43,9
DA:44,0
DA:45,0
DA:47,0
DA:48,0
DA:51,0
DA:53,0
DA:54,0
DA:56,0
DA:63,9
DA:64,0
DA:65,0
DA:68,0
DA:76,9
DA:77,0
DA:78,0
DA:84,9
DA:85,0
DA:88,0
DA:96,9
DA:97,0
DA:98,0
DA:104,9
DA:105,0
DA:106,0
DA:109,9
DA:111,0
DA:146,0
DA:200,0
LF:40
LH:15
BRDA:33,0,0,0
BRDA:33,0,1,5
BRDA:51,1,0,0
BRDA:51,1,1,0
BRDA:77,2,0,0
BRDA:77,2,1,0
BRDA:109,3,0,9
BRDA:109,3,1,0
BRDA:129,4,0,0
BRDA:129,4,1,0
BRDA:144,5,0,9
BRDA:144,5,1,0
BRDA:158,6,0,9
BRDA:158,6,1,0
BRDA:171,7,0,9
BRDA:171,7,1,0
BRDA:178,8,0,9
BRDA:178,8,1,0
BRDA:185,9,0,9
BRDA:185,9,1,0
BRDA:185,9,2,0
BRDA:187,10,0,0
BRDA:187,10,1,0
BRF:23
BRH:7
end_of_record
TN:
SF:src\context\AuthContext.jsx
FN:6,(anonymous_0)
FN:14,(anonymous_1)
FN:18,(anonymous_2)
FN:34,(anonymous_3)
FN:38,(anonymous_4)
FN:43,(anonymous_5)
FN:58,(anonymous_6)
FNF:7
FNH:6
FNDA:42,(anonymous_0)
FNDA:57,(anonymous_1)
FNDA:27,(anonymous_2)
FNDA:27,(anonymous_3)
FNDA:2,(anonymous_4)
FNDA:0,(anonymous_5)
FNDA:1,(anonymous_6)
DA:4,9
DA:6,9
DA:7,42
DA:8,42
DA:9,0
DA:11,42
DA:14,9
DA:15,57
DA:16,57
DA:18,57
DA:19,27
DA:20,27
DA:22,27
DA:23,0
DA:24,0
DA:26,0
DA:27,0
DA:28,0
DA:31,27
DA:34,57
DA:35,27
DA:38,57
DA:40,2
DA:43,57
DA:44,0
DA:51,0
DA:52,0
DA:53,0
DA:55,0
DA:58,57
DA:59,1
DA:60,1
DA:61,1
DA:64,57
DA:72,57
LF:35
LH:24
BRDA:8,0,0,0
BRDA:8,0,1,42
BRDA:22,1,0,0
BRDA:22,1,1,27
BRDA:22,2,0,27
BRDA:22,2,1,0
BRF:6
BRH:3
end_of_record
TN:
SF:src\context\DarkModeContext.jsx
FN:5,(anonymous_0)
FN:13,(anonymous_1)
FN:14,(anonymous_2)
FN:20,(anonymous_3)
FN:32,(anonymous_4)
FN:33,(anonymous_5)
FNF:6
FNH:4
FNDA:6,(anonymous_0)
FNDA:24,(anonymous_1)
FNDA:24,(anonymous_2)
FNDA:24,(anonymous_3)
FNDA:0,(anonymous_4)
FNDA:0,(anonymous_5)
DA:3,8
DA:5,8
DA:6,6
DA:7,6
DA:8,0
DA:10,6
DA:13,8
DA:14,24
DA:16,24
DA:17,24
DA:20,24
DA:22,24
DA:23,0
DA:25,24
DA:29,24
DA:32,24
DA:33,0
DA:36,24
DA:41,24
LF:19
LH:16
BRDA:7,0,0,0
BRDA:7,0,1,6
BRDA:17,1,0,16
BRDA:17,1,1,8
BRDA:22,2,0,0
BRDA:22,2,1,24
BRF:6
BRH:4
end_of_record
TN:
SF:src\context\NotesPanelContext.jsx
FN:12,NotesPanelProvider
FN:16,(anonymous_1)
FN:21,(anonymous_2)
FN:24,(anonymous_3)
FN:41,useNotesPanel
FNF:5
FNH:4
FNDA:30,NotesPanelProvider
FNDA:2,(anonymous_1)
FNDA:1,(anonymous_2)
FNDA:0,(anonymous_3)
FNDA:31,useNotesPanel
DA:10,9
DA:13,30
DA:14,30
DA:16,30
DA:17,2
DA:18,2
DA:21,30
DA:22,1
DA:24,1
DA:27,30
DA:42,31
DA:43,31
DA:44,0
DA:46,31
LF:14
LH:13
BRDA:43,0,0,0
BRDA:43,0,1,31
BRF:2
BRH:1
end_of_record
TN:
SF:src\pages\BookmarksPage.jsx
FN:22,BookmarksPage
FN:30,(anonymous_1)
FN:34,(anonymous_2)
FN:40,(anonymous_3)
FN:49,(anonymous_4)
FN:79,(anonymous_5)
FN:82,(anonymous_6)
FN:83,(anonymous_7)
FN:104,(anonymous_8)
FN:131,(anonymous_9)
FNF:10
FNH:6
FNDA:4,BookmarksPage
FNDA:2,(anonymous_1)
FNDA:0,(anonymous_2)
FNDA:2,(anonymous_3)
FNDA:2,(anonymous_4)
FNDA:0,(anonymous_5)
FNDA:0,(anonymous_6)
FNDA:0,(anonymous_7)
FNDA:12,(anonymous_8)
FNDA:2,(anonymous_9)
DA:23,4
DA:24,4
DA:25,4
DA:30,4
DA:31,2
DA:34,2
DA:35,0
DA:38,2
DA:40,2
DA:41,2
DA:49,4
DA:50,2
DA:51,2
DA:53,2
DA:55,2
DA:61,2
DA:63,2
DA:65,0
DA:66,0
DA:68,2
DA:79,4
DA:80,0
DA:82,0
DA:83,0
DA:88,4
DA:105,12
DA:132,2
LF:27
LH:21
BRDA:63,0,0,2
BRDA:63,0,1,0
BRDA:80,1,0,0
BRDA:80,1,1,0
BRDA:97,2,0,2
BRDA:97,2,1,2
BRDA:102,3,0,4
BRDA:102,3,1,2
BRDA:114,4,0,4
BRDA:114,4,1,0
BRDA:114,4,2,0
BRDA:129,5,0,4
BRDA:129,5,1,2
BRDA:129,5,2,2
BRDA:129,5,3,2
BRDA:142,6,0,4
BRDA:142,6,1,2
BRDA:142,6,2,2
BRDA:142,6,3,0
BRF:19
BRH:13
end_of_record
TN:
SF:src\pages\DashboardPage.jsx
FN:20,DashboardPage
FN:28,(anonymous_1)
FN:35,(anonymous_2)
FN:54,(anonymous_3)
FN:279,(anonymous_4)
FN:309,(anonymous_5)
FNF:6
FNH:4
FNDA:4,DashboardPage
FNDA:2,(anonymous_1)
FNDA:2,(anonymous_2)
FNDA:2,(anonymous_3)
FNDA:0,(anonymous_4)
FNDA:0,(anonymous_5)
DA:21,4
DA:22,4
DA:23,4
DA:28,4
DA:29,2
DA:35,4
DA:36,2
DA:37,2
DA:39,2
DA:40,2
DA:41,2
DA:43,0
DA:44,0
DA:45,0
DA:47,2
DA:54,4
DA:55,2
DA:56,2
DA:57,2
DA:58,0
DA:59,0
DA:62,4
DA:280,0
DA:310,0
LF:24
LH:17
BRDA:55,0,0,0
BRDA:55,0,1,2
BRDA:57,1,0,2
BRDA:57,1,1,0
BRDA:76,2,0,4
BRDA:76,2,1,2
BRDA:79,3,0,4
BRDA:79,3,1,0
BRDA:79,3,2,0
BRDA:105,4,0,4
BRDA:105,4,1,2
BRDA:105,4,2,2
BRDA:105,4,3,2
BRDA:119,5,0,2
BRDA:119,5,1,0
BRDA:142,6,0,2
BRDA:142,6,1,0
BRDA:165,7,0,2
BRDA:165,7,1,0
BRDA:185,8,0,2
BRDA:185,8,1,0
BRDA:205,9,0,2
BRDA:205,9,1,0
BRDA:225,10,0,2
BRDA:225,10,1,0
BRDA:237,11,0,2
BRDA:237,11,1,2
BRDA:237,11,2,2
BRDA:244,12,0,2
BRDA:244,12,1,0
BRDA:252,13,0,2
BRDA:252,13,1,0
BRDA:260,14,0,2
BRDA:260,14,1,2
BRDA:277,15,0,0
BRDA:277,15,1,2
BRDA:290,16,0,0
BRDA:290,16,1,0
BRDA:307,17,0,0
BRDA:307,17,1,2
BRDA:320,18,0,0
BRDA:320,18,1,0
BRF:42
BRH:24
end_of_record
TN:
SF:src\pages\HomePage.jsx
FN:15,HomePage
FN:29,(anonymous_1)
FN:35,(anonymous_2)
FN:41,(anonymous_3)
FN:47,(anonymous_4)
FN:48,(anonymous_5)
FN:52,(anonymous_6)
FN:58,(anonymous_7)
FN:86,(anonymous_8)
FN:98,(anonymous_9)
FN:110,(anonymous_10)
FN:117,(anonymous_11)
FN:129,(anonymous_12)
FN:130,(anonymous_13)
FN:131,(anonymous_14)
FN:142,(anonymous_15)
FN:151,(anonymous_16)
FN:176,(anonymous_17)
FN:201,(anonymous_18)
FN:205,(anonymous_19)
FN:215,(anonymous_20)
FN:219,(anonymous_21)
FN:271,(anonymous_22)
FNF:23
FNH:12
FNDA:5,HomePage
FNDA:3,(anonymous_1)
FNDA:0,(anonymous_2)
FNDA:3,(anonymous_3)
FNDA:3,(anonymous_4)
FNDA:0,(anonymous_5)
FNDA:3,(anonymous_6)
FNDA:3,(anonymous_7)
FNDA:3,(anonymous_8)
FNDA:3,(anonymous_9)
FNDA:0,(anonymous_10)
FNDA:0,(anonymous_11)
FNDA:0,(anonymous_12)
FNDA:0,(anonymous_13)
FNDA:0,(anonymous_14)
FNDA:0,(anonymous_15)
FNDA:5,(anonymous_16)
FNDA:0,(anonymous_17)
FNDA:0,(anonymous_18)
FNDA:4,(anonymous_19)
FNDA:0,(anonymous_20)
FNDA:4,(anonymous_21)
FNDA:4,(anonymous_22)
DA:17,5
DA:18,5
DA:19,5
DA:20,5
DA:21,5
DA:22,5
DA:23,5
DA:24,5
DA:25,5
DA:26,5
DA:29,5
DA:30,3
DA:31,3
DA:32,3
DA:35,3
DA:36,0
DA:39,3
DA:41,3
DA:42,3
DA:47,5
DA:48,3
DA:49,0
DA:52,3
DA:58,5
DA:59,3
DA:60,3
DA:62,3
DA:63,3
DA:65,3
DA:66,3
DA:67,3
DA:69,3
DA:71,3
DA:72,3
DA:75,0
DA:76,0
DA:77,0
DA:79,3
DA:86,5
DA:87,3
DA:88,3
DA:89,3
DA:91,0
DA:98,5
DA:99,3
DA:100,3
DA:101,3
DA:103,0
DA:110,5
DA:111,0
DA:113,0
DA:115,0
DA:116,0
DA:117,0
DA:118,0
DA:120,0
DA:122,0
DA:129,5
DA:130,0
DA:131,0
DA:132,0
DA:142,5
DA:143,0
DA:144,0
DA:145,0
DA:151,5
DA:152,5
DA:155,5
DA:176,0
DA:201,0
DA:206,4
DA:215,0
DA:220,4
DA:272,4
LF:74
LH:50
BRDA:65,0,0,0
BRDA:65,0,1,3
BRDA:66,1,0,0
BRDA:66,1,1,3
BRDA:67,2,0,0
BRDA:67,2,1,3
BRDA:71,3,0,3
BRDA:71,3,1,0
BRDA:72,4,0,3
BRDA:72,4,1,3
BRDA:89,5,0,3
BRDA:89,5,1,0
BRDA:101,6,0,3
BRDA:101,6,1,0
BRDA:111,7,0,0
BRDA:111,7,1,0
BRDA:111,8,0,0
BRDA:111,8,1,0
BRDA:117,9,0,0
BRDA:117,9,1,0
BRDA:118,10,0,0
BRDA:118,10,1,0
BRDA:132,11,0,0
BRDA:132,11,1,0
BRDA:152,12,0,5
BRDA:152,12,1,5
BRDA:152,12,2,5
BRDA:227,13,0,5
BRDA:227,13,1,0
BRDA:239,14,0,5
BRDA:239,14,1,3
BRDA:242,15,0,5
BRDA:242,15,1,0
BRDA:242,15,2,0
BRDA:268,16,0,5
BRDA:268,16,1,2
BRDA:268,16,2,2
BRDA:268,16,3,2
BRDA:281,17,0,2
BRDA:281,17,1,0
BRDA:288,18,0,0
BRDA:288,18,1,0
BRDA:296,19,0,5
BRDA:296,19,1,2
BRDA:296,19,2,2
BRDA:296,19,3,0
BRDA:303,20,0,0
BRDA:303,20,1,0
BRDA:307,21,0,0
BRDA:307,21,1,0
BRF:50
BRH:23
end_of_record
TN:
SF:src\pages\LoginPage.jsx
FN:6,LoginPage
FN:15,(anonymous_1)
FN:86,(anonymous_2)
FN:105,(anonymous_3)
FNF:4
FNH:3
FNDA:27,LoginPage
FNDA:0,(anonymous_1)
FNDA:8,(anonymous_2)
FNDA:11,(anonymous_3)
DA:7,27
DA:8,27
DA:9,27
DA:10,27
DA:12,27
DA:13,27
DA:15,27
DA:16,0
DA:17,0
DA:18,0
DA:20,0
DA:21,0
DA:26,0
DA:28,0
DA:29,0
DA:31,0
DA:32,0
DA:35,0
DA:36,0
DA:37,0
DA:38,0
DA:39,0
DA:40,0
DA:42,0
DA:46,27
DA:86,8
DA:105,11
LF:27
LH:10
BRDA:35,0,0,0
BRDA:35,0,1,0
BRDA:35,0,2,0
BRDA:35,0,3,0
BRDA:66,1,0,27
BRDA:66,1,1,0
BRDA:118,2,0,0
BRDA:118,2,1,27
BRF:8
BRH:2
end_of_record
TN:
SF:src\pages\ProfilePage.jsx
FN:18,ProfilePage
FN:43,(anonymous_1)
FN:50,(anonymous_2)
FN:73,(anonymous_3)
FN:83,(anonymous_4)
FN:92,(anonymous_5)
FN:106,(anonymous_6)
FN:115,(anonymous_7)
FN:126,(anonymous_8)
FN:178,(anonymous_9)
FN:195,(anonymous_10)
FN:208,(anonymous_11)
FN:220,(anonymous_12)
FN:235,(anonymous_13)
FN:434,(anonymous_14)
FN:451,(anonymous_15)
FN:464,(anonymous_16)
FN:481,(anonymous_17)
FN:496,(anonymous_18)
FNF:19
FNH:5
FNDA:4,ProfilePage
FNDA:2,(anonymous_1)
FNDA:2,(anonymous_2)
FNDA:0,(anonymous_3)
FNDA:0,(anonymous_4)
FNDA:0,(anonymous_5)
FNDA:0,(anonymous_6)
FNDA:2,(anonymous_7)
FNDA:2,(anonymous_8)
FNDA:0,(anonymous_9)
FNDA:0,(anonymous_10)
FNDA:0,(anonymous_11)
FNDA:0,(anonymous_12)
FNDA:0,(anonymous_13)
FNDA:0,(anonymous_14)
FNDA:0,(anonymous_15)
FNDA:0,(anonymous_16)
FNDA:0,(anonymous_17)
FNDA:0,(anonymous_18)
DA:19,4
DA:20,4
DA:21,4
DA:22,4
DA:23,4
DA:26,4
DA:32,4
DA:38,4
DA:43,4
DA:44,2
DA:50,4
DA:51,2
DA:52,2
DA:54,2
DA:55,2
DA:56,2
DA:57,2
DA:63,0
DA:64,0
DA:66,2
DA:73,4
DA:74,0
DA:75,0
DA:76,0
DA:78,0
DA:79,0
DA:80,0
DA:81,0
DA:82,0
DA:83,0
DA:85,0
DA:92,4
DA:93,0
DA:94,0
DA:95,0
DA:97,0
DA:98,0
DA:99,0
DA:100,0
DA:105,0
DA:106,0
DA:108,0
DA:115,4
DA:116,2
DA:117,0
DA:118,0
DA:119,0
DA:120,0
DA:126,4
DA:127,2
DA:134,4
DA:135,2
DA:142,2
DA:178,0
DA:195,0
DA:208,0
DA:220,0
DA:236,0
DA:237,0
DA:434,0
DA:451,0
DA:464,0
DA:481,0
DA:497,0
DA:498,0
LF:65
LH:27
BRDA:58,0,0,2
BRDA:58,0,1,0
BRDA:59,1,0,2
BRDA:59,1,1,2
BRDA:60,2,0,2
BRDA:60,2,1,2
BRDA:63,3,0,0
BRDA:63,3,1,0
BRDA:85,4,0,0
BRDA:85,4,1,0
BRDA:108,5,0,0
BRDA:108,5,1,0
BRDA:108,5,2,0
BRDA:116,6,0,2
BRDA:116,6,1,0
BRDA:118,7,0,0
BRDA:118,7,1,0
BRDA:134,8,0,2
BRDA:134,8,1,2
BRDA:157,9,0,2
BRDA:157,9,1,0
BRDA:164,10,0,4
BRDA:164,10,1,0
BRDA:176,11,0,4
BRDA:176,11,1,2
BRDA:186,12,0,0
BRDA:186,12,1,2
BRDA:238,13,0,0
BRDA:238,13,1,0
BRDA:239,14,0,0
BRDA:239,14,1,0
BRDA:240,15,0,0
BRDA:240,15,1,0
BRDA:261,16,0,2
BRDA:261,16,1,0
BRDA:269,17,0,2
BRDA:269,17,1,2
BRDA:276,18,0,2
BRDA:276,18,1,2
BRDA:301,19,0,4
BRDA:301,19,1,0
BRDA:311,20,0,4
BRDA:311,20,1,0
BRDA:321,21,0,4
BRDA:321,21,1,0
BRDA:331,22,0,4
BRDA:331,22,1,2
BRDA:341,23,0,4
BRDA:341,23,1,2
BRDA:350,24,0,4
BRDA:350,24,1,2
BRDA:350,24,2,0
BRDA:361,25,0,0
BRDA:361,25,1,0
BRDA:367,26,0,0
BRDA:367,26,1,0
BRDA:378,27,0,0
BRDA:378,27,1,0
BRDA:384,28,0,0
BRDA:384,28,1,0
BRDA:395,29,0,0
BRDA:395,29,1,0
BRDA:405,30,0,0
BRDA:405,30,1,0
BRDA:408,31,0,0
BRDA:408,31,1,0
BRDA:415,32,0,0
BRDA:415,32,1,0
BRDA:418,33,0,0
BRDA:418,33,1,0
BRDA:432,34,0,4
BRDA:432,34,1,2
BRDA:442,35,0,4
BRDA:442,35,1,0
BRF:74
BRH:30
end_of_record
TN:
SF:src\services\api.js
FN:21,(anonymous_0)
FN:28,(anonymous_1)
FN:38,(anonymous_2)
FN:41,(anonymous_3)
FNF:4
FNH:0
FNDA:0,(anonymous_0)
FNDA:0,(anonymous_1)
FNDA:0,(anonymous_2)
FNDA:0,(anonymous_3)
DA:9,1
DA:20,1
DA:22,0
DA:23,0
DA:24,0
DA:26,0
DA:29,0
DA:37,1
DA:39,0
DA:42,0
DA:44,0
DA:45,0
DA:46,0
DA:49,0
LF:14
LH:3
BRDA:23,0,0,0
BRDA:23,0,1,0
BRDA:42,1,0,0
BRDA:42,1,1,0
BRF:4
BRH:0
end_of_record
TN:
SF:src\utils\toast.js
FN:52,(anonymous_0)
FN:54,(anonymous_1)
FN:56,(anonymous_2)
FN:58,(anonymous_3)
FN:70,(anonymous_4)
FN:75,(anonymous_5)
FN:77,(anonymous_6)
FN:81,(anonymous_7)
FN:130,(anonymous_8)
FN:154,(anonymous_9)
FN:155,(anonymous_10)
FN:156,(anonymous_11)
FN:157,(anonymous_12)
FN:158,(anonymous_13)
FN:159,(anonymous_14)
FN:160,(anonymous_15)
FN:161,(anonymous_16)
FN:162,(anonymous_17)
FN:163,(anonymous_18)
FN:164,(anonymous_19)
FN:168,(anonymous_20)
FNF:21
FNH:0
FNDA:0,(anonymous_0)
FNDA:0,(anonymous_1)
FNDA:0,(anonymous_2)
FNDA:0,(anonymous_3)
FNDA:0,(anonymous_4)
FNDA:0,(anonymous_5)
FNDA:0,(anonymous_6)
FNDA:0,(anonymous_7)
FNDA:0,(anonymous_8)
FNDA:0,(anonymous_9)
FNDA:0,(anonymous_10)
FNDA:0,(anonymous_11)
FNDA:0,(anonymous_12)
FNDA:0,(anonymous_13)
FNDA:0,(anonymous_14)
FNDA:0,(anonymous_15)
FNDA:0,(anonymous_16)
FNDA:0,(anonymous_17)
FNDA:0,(anonymous_18)
FNDA:0,(anonymous_19)
FNDA:0,(anonymous_20)
DA:10,4
DA:51,4
DA:52,0
DA:54,0
DA:56,0
DA:59,0
DA:70,0
DA:75,0
DA:77,0
DA:81,4
DA:82,0
DA:85,0
DA:88,0
DA:90,0
DA:91,0
DA:93,0
DA:95,0
DA:96,0
DA:98,0
DA:99,0
DA:101,0
DA:102,0
DA:104,0
DA:105,0
DA:107,0
DA:108,0
DA:110,0
DA:111,0
DA:113,0
DA:114,0
DA:116,0
DA:117,0
DA:121,0
DA:122,0
DA:124,0
DA:128,0
DA:129,0
DA:131,0
DA:132,0
DA:136,0
DA:137,0
DA:140,0
DA:142,0
DA:145,0
DA:148,0
DA:149,0
DA:153,4
DA:154,0
DA:155,0
DA:156,0
DA:157,0
DA:158,0
DA:159,0
DA:160,0
DA:161,0
DA:162,0
DA:163,0
DA:164,0
DA:168,4
DA:169,0
DA:170,0
DA:171,0
DA:172,0
DA:173,0
DA:175,0
DA:176,0
LF:66
LH:5
BRDA:62,0,0,0
BRDA:62,0,1,0
BRDA:63,1,0,0
BRDA:63,1,1,0
BRDA:64,2,0,0
BRDA:64,2,1,0
BRDA:81,3,0,0
BRDA:85,4,0,0
BRDA:85,4,1,0
BRDA:88,5,0,0
BRDA:88,5,1,0
BRDA:93,6,0,0
BRDA:93,6,1,0
BRDA:93,6,2,0
BRDA:93,6,3,0
BRDA:93,6,4,0
BRDA:93,6,5,0
BRDA:93,6,6,0
BRDA:93,6,7,0
BRDA:93,6,8,0
BRDA:93,6,9,0
BRDA:93,6,10,0
BRDA:93,6,11,0
BRDA:95,7,0,0
BRDA:95,7,1,0
BRDA:95,7,2,0
BRDA:107,8,0,0
BRDA:107,8,1,0
BRDA:124,9,0,0
BRDA:124,9,1,0
BRDA:124,9,2,0
BRDA:128,10,0,0
BRDA:128,10,1,0
BRDA:128,11,0,0
BRDA:128,11,1,0
BRDA:128,11,2,0
BRDA:128,11,3,0
BRDA:131,12,0,0
BRDA:131,12,1,0
BRDA:136,13,0,0
BRDA:136,13,1,0
BRDA:140,14,0,0
BRDA:140,14,1,0
BRDA:145,15,0,0
BRDA:145,15,1,0
BRDA:168,16,0,0
BRF:46
BRH:0
end_of_record
